Loading LDA model from ./lda-train-document-lemma-topic-512-iter-1000...
914
0 b'12' 23:0.0002605226 42:0.0011587469 83:0.0021034149 94:0.00074755703 143:7.358405e-05 173:2.5725827e-05 296:0.002500224 488:1.4532322e-05
1 b'1826' 296:0.0025002228
2 b'1901' 296:0.002500224
3 b'2000' 296:0.0025002228
4 b'27' 83:0.0024138964 173:3.3386552e-08 296:0.0025002228
5 b'29' 42:0.0011822121 296:0.0025002228 488:9.46699e-06
6 b'32' 296:0.0025002228
7 b'53' 296:0.0025002228
8 b'59' 296:0.0025002228
9 b'70' 23:0.00039690168 94:0.00051419676 143:9.314101e-05 296:0.0067830747
10 b'8,000' 296:0.0067830747
11 b'92' 296:0.0025002228
12 b'act' 296:0.0025002228
13 b'albert' 296:0.0025002228
14 b'alice' 296:0.0025002228
15 b'alike' 296:0.0025002228
16 b'alive' 296:0.0025002228
17 b'alum' 296:0.0025002228
18 b'athens' 296:0.0025002228
19 b'bay' 296:0.0025002228
20 b'beach' 296:0.002500224
21 b'begin' 23:0.0024852674 94:0.0022270337 143:0.0008659566 296:0.0025002228
22 b'blue' 296:0.0025002228
23 b'board' 296:0.0025002228
24 b'boscombe' 296:0.0025002228
25 b'bournemouth' 296:0.011177945
26 b'bring' 23:0.0006566135 83:0.0023012832 94:0.00032774446 143:5.3433316e-05 173:1.069663e-06 296:0.0025002228
27 b'britain' 296:0.0025002228
28 b'british' 83:0.0023593698 173:2.2958028e-07 296:0.002500224
29 b'brockenhurst' 296:0.0025002228
30 b'build' 296:0.0025002228
31 b'carisbrooke' 296:0.0025002228
32 b'carry' 296:0.011177945
33 b'celebration' 296:0.002500224
34 b'ceremony' 296:0.0025002228
35 b'chair' 83:0.0023488617 173:3.1342847e-07 296:0.0025002228
36 b'check' 296:0.0025002228
37 b'chepstow' 296:0.0025002228
38 b'christchurch' 296:0.002500224
39 b'circumnavigation' 296:0.002500224
40 b'club' 296:0.0025002228
41 b'community' 23:0.00073605776 94:0.000377982 143:1.5000563e-05 296:0.0067830747
42 b'consecutive' 296:0.0025002228
43 b'constance' 296:0.0025002228
44 b'convoy' 296:0.0025002228
45 b'coverage' 296:0.0025002228
46 b'cowes' 296:0.011177945
47 b'dame' 296:0.0067830747
48 b'dance' 296:0.0067830747
49 b'day' 23:0.004138762 94:0.0054886737 143:0.0020079454 296:0.015596699
50 b'die' 23:0.00014819193 94:0.00081844046 143:0.00015134263 296:0.0025002228
51 b'distance' 296:0.0025002228
52 b'due' 296:0.0025002228
53 b'east' 296:0.0067830747
54 b'ellen' 296:0.0067830747
55 b'evening' 296:0.002500224
56 b'event' 42:0.0010142167 296:0.0025002228 488:9.1252e-05
57 b'exchange' 296:0.002500224
58 b'famous' 296:0.0025002228
59 b'fastest' 296:0.0025002228
60 b'feeling' 296:0.0025002228
61 b'ferry' 296:0.0025002228
62 b'finest' 296:0.0025002228
63 b'fittingly' 296:0.0025002228
64 b'flame' 296:0.015596699
65 b'football' 296:0.0025002228
66 b'fusion' 296:0.0025002228
67 b'game' 296:0.0025002228
68 b'games' 296:0.0025002228
69 b'globe' 296:0.0025002228
70 b'gold' 296:0.0025002228
71 b'ground' 23:0.0004428677 94:0.00040272757 143:0.00013287932 296:0.0025002228
72 b'happiness' 296:0.0025002228
73 b'highlight' 296:0.0025002228
74 b'hold' 296:0.0067830747
75 b'host' 296:0.0025002228
76 b'house' 296:0.0067830747
77 b'impression' 296:0.0025002228
78 b'include' 23:0.0005825785 42:0.0029837019 83:0.010364429 94:0.00047620598 143:2.5069927e-05 173:0.0025818516 296:0.011177945 488:0.0013037011
79 b'inspire' 296:0.0025002228
80 b'instant' 296:0.0025002228
81 b'isle' 296:0.0067830775
82 b'join' 42:0.003429517 83:0.0019361809 173:0.00011536852 296:0.0067830747 488:0.0002985206
83 b'journey' 296:0.0067830747
84 b'july' 296:0.0025002228
85 b'largest' 23:0.00038866614 94:0.00031892784 143:0.00027624288 296:0.0025002228
86 b'lasting' 296:0.002500224
87 b'lift' 296:0.0025002228
88 b'live' 296:0.002500224
89 b'london' 23:0.0006569671 94:0.00033012542 143:5.2144882e-05 296:0.0025002228
90 b'lymington' 296:0.0067830747
91 b'lyndhurst' 296:0.002500224
92 b'map' 296:0.0025002228
93 b'mary' 296:0.0025002228
94 b'mayflower' 296:0.0025002228
95 b'medal' 296:0.002500224
96 b'meet' 42:0.0033272302 296:0.0025002228 488:0.0004721154
97 b'midday' 296:0.0025002228
98 b'mile' 296:0.0067830747
99 b'move' 209:0.007609195 259:0.0026007378 296:0.0025002228
100 b'ms' 296:0.0025002228
101 b'needles' 296:0.0025002228
102 b'newport' 296:0.0067830747
103 b'nicholas' 42:0.0010442582 296:0.0025002228 488:6.7653054e-05
104 b'nuttall' 296:0.0025002228
105 b'olympian' 296:0.0025002228
106 b'olympic' 296:0.020024113
107 b'osborne' 296:0.0067830747
108 b'park' 296:0.0025002228
109 b'people' 23:0.014058583 83:0.0023793047 94:0.014980593 143:0.010086675 173:1.2117164e-07 296:0.0067830747
110 b'performance' 296:0.0067830747
111 b'peter' 83:0.010470893 173:0.0021630095 296:0.0025002228
112 b'picture' 296:0.0025002228
113 b'pier' 296:0.0025002228
114 b'pitch' 296:0.0025002228
115 b'pride' 296:0.0025002228
116 b'prince' 296:0.0025002228
117 b'provide' 23:0.00059280614 94:0.0003357523 143:7.9084326e-05 296:0.0025002228
118 b'pulse' 296:0.0025002228
119 b'queen' 296:0.0025002228
120 b'record' 42:0.0032789768 296:0.0025002228 488:0.00056722376
121 b'regatta' 296:0.0025002228
122 b'relay' 296:0.0067830747
123 b'residence' 296:0.0025002228
124 b'retreat' 296:0.002500224
125 b'robertson' 296:0.0067830747
126 b'route' 296:0.0067830747
127 b'sailing' 296:0.0067830775
128 b'sailor' 296:0.0067830747
129 b'saturday' 296:0.0025002228
130 b'search' 296:0.002500224
131 b'sense' 42:0.0010859773 83:0.002287675 173:1.4508634e-06 296:0.0025002228 488:4.2021802e-05
132 b'shirley' 296:0.0025002228
133 b'site' 23:0.00058133336 94:0.00054669264 143:1.1790538e-05 296:0.0025002228
134 b'smile' 296:0.011177945
135 b'solo' 296:0.0067830747
136 b'southampton' 296:0.011177945
137 b'southwater' 296:0.0025002228
138 b'sport' 296:0.0025002228
139 b'st' 296:0.002500224
140 b'stadium' 296:0.0025002228
141 b'stop' 209:0.0023046064 259:0.00043164907 296:0.0025002228
142 b'story' 83:0.0022064073 173:6.5355734e-06 296:0.0025002228
143 b'street' 296:0.0067830747
144 b'strongest' 42:0.0010410087 296:0.002500224 488:6.9991234e-05
145 b'summer' 296:0.0025002228
146 b'sydney' 296:0.002500224
147 b'theatre' 296:0.0025002228
148 b'torch' 296:0.011177945
149 b'torchbearer' 296:0.011177945
150 b'total' 42:0.0010737124 296:0.0025002228 488:4.8736423e-05
151 b'totland' 296:0.0025002228
152 b'tour' 296:0.0025002228
153 b'travel' 23:0.0007334497 94:0.000208305 143:9.379278e-05 296:0.0025002228
154 b'trip' 296:0.0025002228
155 b'troupe' 296:0.0025002228
156 b'twist' 296:0.0025002228
157 b'unique' 296:0.0025002228
158 b'victoria' 296:0.0025002228
159 b'video' 296:0.0025002228
160 b'visit' 296:0.0025002228
161 b'waterlogged' 296:0.0025002228
162 b'week' 23:0.0022505803 94:0.002958263 143:0.00040277786 296:0.0025002228
163 b'wight' 296:0.0067830747
164 b'win' 83:0.010633104 173:0.0015869127 296:0.0025002228
165 b'woman' 23:0.0019817767 94:0.0024447858 143:0.0013314747 296:0.0025002228
166 b'wonderful' 296:0.0025002228
167 b'world' 42:0.0010249534 83:0.0022146797 173:5.724267e-06 209:0.002620377 259:0.00017680909 296:0.0067830747 488:8.230153e-05
168 b'wretch' 296:0.0025002228
169 b'yachtswoman' 296:0.0025002228
170 b'yarmouth' 296:0.0025002228
171 b'108' 23:0.00041658798 94:0.0005202371 143:7.710211e-05
172 b'111' 23:0.0005555542 94:0.00041554793 143:5.5232405e-05
173 b'120' 23:0.0008286817 94:0.0002718292 143:2.3119277e-05
174 b'16' 23:0.0007419588 83:0.002208499 94:0.0004170121 143:8.171742e-06 173:6.3226107e-06
175 b'19' 23:0.0006746791 94:0.00025871125 143:8.635282e-05
176 b'200' 23:0.00030353467 94:0.0005441115 143:0.00015346885
177 b'2011' 23:0.0009254544 94:0.00014879635 143:5.307911e-05
178 b'22' 23:0.00079607393 94:0.00027901737 143:2.8405026e-05
179 b'220' 23:0.00030392426 94:0.0008059542 143:3.087379e-05
180 b'3' 23:0.0007088559 94:0.0004739804 143:5.485798e-06
181 b'300' 23:0.00055303535 94:0.00045979838 143:3.882621e-05
182 b'45' 23:0.00041316872 94:0.00069163373 143:2.1192065e-05
183 b'50' 23:0.0005079392 94:0.0006162354 143:1.3716896e-05
184 b'55' 23:0.0018633391 94:0.0036173707 143:0.00026757683
185 b'72' 23:0.00052495906 94:0.00042149494 143:6.68789e-05
186 b'accept' 23:0.00045786603 94:0.00062009215 143:2.4139239e-05
187 b'accuse' 23:0.00086799875 94:0.00027468533 143:1.5057923e-05
188 b'activist' 23:0.005528405 94:0.0039744484 143:0.0018865608
189 b'al' 23:0.00682329 94:0.0067500058 143:0.0051555717
190 b'ally' 23:0.00081518857 94:0.0001396079 143:0.0001149582
191 b'analyst' 23:0.00050830626 94:0.0005294589 143:3.2032407e-05
192 b'annan' 23:0.0027803867 94:0.0021556618 143:0.0005831232
193 b'announce' 23:0.0007397248 83:0.002390732 94:0.00020134197 143:9.632546e-05 173:8.136197e-08
194 b'anti-regime' 23:0.0005157772 94:0.0005120573 143:3.4717068e-05
195 b'april' 23:0.00045821926 94:0.00043990178 143:9.554959e-05
196 b'arab' 23:0.003162127 94:0.0020459401 143:0.00031322756
197 b'armed' 23:0.0024715643 94:0.0025090883 143:0.0005749336
198 b'army' 23:0.014238303 94:0.013520137 143:0.012409728
199 b'assad' 23:0.0051798383 94:0.0038674865 143:0.0026500127
200 b'assads' 23:0.0005897353 94:0.00021679718 143:0.00018883546
201 b'assef' 23:0.00069582823 94:0.00034828775 143:3.1624815e-05
202 b'assistant' 23:0.0005823169 94:0.00059904624 143:5.937153e-06
203 b'attack' 23:0.013864115 94:0.013840785 143:0.012623558
204 b'attempt' 23:0.00045283634 83:0.0021382112 94:0.00040366233 143:0.00012415893 173:1.7033939e-05
205 b'base' 23:0.00084900175 94:0.00015215478 143:8.302807e-05
206 b'bashar' 23:0.00066690537 94:0.0002765935 143:7.7962184e-05
207 b'bbc' 23:0.0031899218 42:0.0008912184 83:0.0023752814 94:0.0014771706 143:0.00087167113 173:1.3860742e-07 488:0.00023750824
208 b'blame' 23:0.008239217 94:0.0046927957 143:0.005947204
209 b'blank' 23:0.00037841644 94:0.0005945341 143:6.472551e-05
210 b'bloodiest' 23:0.0005021192 94:0.00029527274 143:0.00017861096
211 b'body' 23:0.00023284576 94:0.0007214364 143:0.000109664594
212 b'bodyguard' 23:0.00042529774 94:0.00048297681 143:9.1758055e-05
213 b'bombard' 23:0.00031082053 94:0.0007825265 143:3.39763e-05
214 b'bombardment' 23:0.00049647054 94:0.0002326367 143:0.0002628603
215 b'bomber' 23:0.0027425054 94:0.0013627346 143:0.0017190326
216 b'bombing' 23:0.00023481638 94:0.0006882869 143:0.00012715069
217 b'brigade' 23:0.00032837802 94:0.00038178617 143:0.0002791483
218 b'brother' 23:0.00048726134 94:0.0004370639 143:7.9132384e-05
219 b'building' 23:0.00064739556 94:0.0001748619 143:0.00019339634
220 b'call' 23:0.0007619931 42:0.0011162558 94:0.0002906869 143:3.331726e-05 488:2.8162962e-05
221 b'capital' 23:0.00033328563 94:0.0006224547 143:7.992434e-05
222 b'chief' 23:0.0009236703 94:0.00018845352 143:3.118004e-05
223 b'child' 23:0.0033322447 94:0.0019668469 143:0.00024104145
224 b'circle' 23:0.00053163106 94:0.0004952859 143:3.459218e-05
225 b'city' 23:0.0014899869 83:0.0021765972 94:0.0032653725 143:0.0010542676 173:1.0212008e-05
226 b'close' 23:0.0017575911 94:0.0028578828 143:0.0011408601
227 b'confirm' 23:0.0062778075 94:0.003079312 143:0.0019878536
228 b'conflict' 23:0.0034526228 94:0.0011798525 143:0.0009319358
229 b'continue' 23:0.0003549639 42:0.0010385381 94:0.0008969671 143:5.9069325e-06 488:7.180303e-05
230 b'correspondent' 23:0.0004854367 42:0.001116883 94:0.00042817785 143:8.5250795e-05 488:2.7914817e-05
231 b'council' 23:0.0031681054 94:0.0015613424 143:0.00079224695
232 b'country' 23:0.00053018786 42:0.007165995 94:0.00047438152 143:4.2017273e-05 209:0.002464782 259:0.0002858308 488:0.005739543
233 b'crowd' 23:0.00061567005 94:0.00040280801 143:3.7332284e-05
234 b'damascus' 23:0.00033962383 94:0.00066868827 143:5.6216155e-05
235 b'daoud' 23:0.0005474509 94:0.0004954087 143:2.9638528e-05
236 b'dead' 23:0.0024180827 94:0.002099714 143:0.001122457
237 b'death' 23:0.0015085206 94:0.0022851857 143:0.0024580471
238 b'december' 23:0.000483124 94:0.0003119582 143:0.00017893982
239 b'defector' 23:0.002264008 94:0.002278326 143:0.0011152109
240 b'defence' 23:0.00054724293 94:0.0005006861 143:2.8263672e-05
241 b'demand' 23:0.0007085615 94:0.00030643537 143:4.3734362e-05
242 b'demonstrator' 23:0.0006346722 94:0.00017413631 143:0.00020600074
243 b'deputy' 23:0.00042130845 94:0.0004501513 143:0.00011537248
244 b'deraa' 23:0.0003642218 94:0.00062742585 143:5.8936617e-05
245 b'describe' 23:0.0023942683 94:0.0023581854 143:0.0008320861
246 b'desertion' 23:0.00050175685 94:0.00065236917 143:9.917217e-06
247 b'discredit' 23:0.0005651336 94:0.00038966356 143:6.312589e-05
248 b'dozen' 23:0.00056827767 83:0.0023157718 94:0.0003788702 143:6.715506e-05 173:7.5725274e-07
249 b'effort' 23:0.00027891202 94:0.000669384 143:9.6848096e-05 209:0.007853279 259:0.0021413222
250 b'el' 23:0.00048636066 94:0.0005344812 143:3.7967624e-05
251 b'envoy' 23:0.00075186475 94:0.0002126583 143:8.047426e-05
252 b'escalate' 23:0.0002613139 94:0.00078370055 143:5.864724e-05
253 b'experience' 23:0.00039633526 94:0.00073115557 143:1.8150284e-05
254 b'explosion' 23:0.00045567926 94:0.0005236218 143:5.460095e-05
255 b'eyewitness' 23:0.00062646024 94:0.00047617368 143:1.5583768e-05
256 b'ezra' 23:0.00080492994 94:0.00032205487 143:1.4933249e-05
257 b'facility' 23:0.00046131853 94:0.00049306406 143:6.507781e-05
258 b'fail' 23:0.0006833351 94:0.00038562017 143:2.3718398e-05
259 b'family' 23:0.00048641887 94:0.0005534516 143:3.2277792e-05
260 b'fate' 23:0.0005478097 94:0.000445769 143:4.5865138e-05
261 b'february' 23:0.00046478154 94:0.00044912254 143:8.583752e-05
262 b'fighter' 23:0.0027814156 94:0.0022336913 143:0.0005054704
263 b'figure' 23:0.00027713474 94:0.00068624585 143:8.9585905e-05
264 b'finger' 23:0.0004719754 94:0.0004857775 143:6.294098e-05
265 b'fire' 23:0.0023995833 94:0.002579176 143:0.0005871841
266 b'flee' 23:0.0032646144 94:0.0015620015 143:0.0006748632
267 b'follow' 23:0.00047053408 42:0.0031069384 94:0.00054163364 143:4.157035e-05 209:0.002723792 259:0.000121347366 488:0.0009671367
268 b'force' 23:0.0071788887 94:0.00658337 143:0.004730671
269 b'form' 23:0.00040116246 42:0.0035965922 94:0.00043202547 143:0.00014567073 488:0.00010370426
270 b'france' 23:0.00090079464 42:0.0052662687 94:0.00023038227 143:2.0858957e-05 488:0.0026273385
271 b'free' 23:0.0023735631 94:0.0023733287 143:0.0008418784 209:0.0025848965 259:0.00019890786
272 b'fsa' 23:0.000818399 94:0.0002860517 143:2.1150652e-05
273 b'government' 23:0.014304032 42:0.018521376 94:0.014845277 143:0.009809996 488:0.015518737
274 b'gradually' 23:0.0006208202 42:0.0009879085 94:0.0004056606 143:3.4705718e-05 488:0.0001156855
275 b'gun' 23:0.0007671899 94:0.00029938988 143:2.8815708e-05
276 b'hama' 23:0.0004340727 94:0.00053258735 143:6.149128e-05
277 b'hassan' 23:0.0006309098 94:0.00031617895 143:7.122801e-05
278 b'headquarters' 23:0.00055329915 94:0.0004493809 143:4.2414194e-05
279 b'hom' 23:0.002579265 94:0.002062318 143:0.0009403209
280 b'homs' 23:0.0025767165 94:0.002042961 143:0.00096829905
281 b'houla' 23:0.00038067528 94:0.0007219051 143:2.4041276e-05
282 b'hour' 23:0.0005642916 94:0.00041894577 143:5.0044004e-05
283 b'human' 23:0.0045097563 94:0.0047479114 143:0.0024674337
284 b'humanitarian' 23:0.0007730651 94:0.00043454632 143:3.9590195e-06
285 b'hundred' 23:0.00070605666 94:0.00034198508 143:3.0870728e-05
286 b'hunt' 23:0.0005605729 94:0.00050409214 143:2.3843677e-05
287 b'idlib' 23:0.0008069251 94:0.00018957019 143:7.1657385e-05
288 b'implement' 23:0.00059440656 94:0.0002650298 143:0.0001322858
289 b'impose' 23:0.0006538909 94:0.00027308028 143:8.735098e-05
290 b'increase' 23:0.00070065196 42:0.0053974716 83:0.0023086339 94:0.0003097148 143:4.506604e-05 173:9.002371e-07 488:0.0021815838
291 b'inflate' 23:0.00044671123 94:0.0005059039 143:6.685288e-05
292 b'influence' 23:0.00057774223 94:0.0002420001 143:0.00016929166
293 b'injure' 23:0.00040163426 94:0.0005883652 143:5.4960954e-05
294 b'intelligence' 23:0.00046099332 94:0.00039740925 143:0.00012249404
295 b'interior' 23:0.000463709 94:0.00040844645 143:0.000112448455
296 b'international' 23:0.00080415834 94:0.00022466334 143:4.993097e-05
297 b'islamist' 23:0.00032596427 94:0.00071532256 143:4.6813653e-05
298 b'jabal' 23:0.00061385054 94:0.00032844755 143:7.250005e-05
299 b'jihadist' 23:0.0009461184 94:0.0002473249 143:9.920584e-06
300 b'jim' 23:0.00078566343 94:0.00014467034 143:0.00012752535
301 b'jisr' 23:0.00032954695 94:0.00060211855 143:9.297257e-05
302 b'june' 23:0.0029610246 42:0.001137342 94:0.002077199 143:0.00046875956 488:2.0616611e-05
303 b'kafrouaid' 23:0.00081462244 94:0.00024857794 143:3.496544e-05
304 b'kansafra' 23:0.0007121914 94:0.00015368225 143:0.00016890818
305 b'karm' 23:0.0005247876 94:0.00029714307 143:0.0001565483
306 b'kill' 23:0.01965089 94:0.018423077 143:0.01584163
307 b'kofi' 23:0.00044511992 94:0.00029189838 143:0.00024167699
308 b'law' 23:0.0005446202 94:0.0005581308 143:1.631434e-05
309 b'league' 23:0.0013874589 94:0.0034670618 143:0.00097383757
310 b'level' 23:0.0027929759 42:0.003161761 94:0.0023029079 143:0.00043097694 488:0.00083010976
311 b'link' 23:0.0005128769 94:0.00033279395 143:0.0001336885
312 b'lord' 23:0.0004599453 94:0.0005047329 143:6.0507813e-05
313 b'machine' 23:0.00074878 94:0.0002481142 143:5.8040485e-05
314 b'main' 23:0.0003144415 42:0.0010749049 94:0.00067978073 143:6.637971e-05 488:4.8054153e-05
315 b'major' 23:0.0005945233 94:0.00043802254 143:3.239349e-05
316 b'majority' 23:0.0005770143 94:0.0005672565 143:9.7240645e-06
317 b'manaf' 23:0.00050811603 94:0.0005925366 143:1.7585084e-05
318 b'march' 23:0.00051786454 42:0.0010610822 94:0.0003303005 143:0.00013193114 488:5.6353838e-05
319 b'martyrs' 23:0.00052954454 94:0.0004535633 143:5.0197195e-05
320 b'mass' 23:0.0008276545 94:0.00025078142 143:3.0518175e-05
321 b'massacre' 23:0.0046441867 94:0.005171504 143:0.0016245903
322 b'meeting' 23:0.000535171 94:0.0005553434 143:1.8768165e-05
323 b'mention' 23:0.0003821273 94:0.000402364 143:0.00019051373
324 b'military' 23:0.00038013345 94:0.00049467344 143:0.000117871044
325 b'militiaman' 23:0.0033645765 94:0.0018693535 143:0.00028565776
326 b'minister' 23:0.0037076422 42:0.0055462616 94:0.0009907782 143:0.0008717459 488:0.0017051648
327 b'monitor' 23:0.00053963135 94:0.0003935562 143:7.396363e-05
328 b'month' 23:0.0027278084 42:0.0030164064 94:0.0019183736 143:0.00091874646 209:0.0022037209 259:0.0005413176 488:0.0012107947
329 b'mow' 23:0.0007363432 94:0.00030956417 143:3.364223e-05
330 b'muir' 23:0.00055378396 94:0.0004949313 143:2.7950675e-05
331 b'national' 23:0.003712707 42:0.0033770283 94:0.0046625547 143:0.004135704 488:0.00038268857
332 b'neighbourhood' 23:0.0005014256 94:0.00059717137 143:1.8168017e-05
333 b'north' 23:0.00042135786 94:0.00050400174 143:8.26019e-05
334 b'observatory' 23:0.00036642438 94:0.00052124675 143:0.00011163723
335 b'observer' 23:0.0032979674 94:0.0011418555 143:0.0012051073
336 b'operation' 23:0.0008178615 94:0.00030701893 143:1.6028296e-05 209:0.0024909766 259:0.00026525793
337 b'opposition' 23:0.0074069514 94:0.0071239457 143:0.0033815368
338 b'organised' 23:0.0007313578 94:0.0003224922 143:3.0478328e-05
339 b'overthrow' 23:0.00043265693 94:0.00050169224 143:7.6888515e-05
340 b'paul' 23:0.0005001168 94:0.00030215614 143:0.00017326283
341 b'peace' 23:0.0044766823 94:0.0050477665 143:0.002074193
342 b'peaceful' 23:0.002375097 94:0.0023954187 143:0.0008141906
343 b'personnel' 23:0.00057321065 94:0.00047087373 143:2.90106e-05
344 b'plan' 23:0.007711995 42:0.0009885998 94:0.0050324267 143:0.0064131715 488:0.000114997245
345 b'pledge' 23:0.0004714644 94:0.0005094946 143:5.300354e-05
346 b'political' 23:0.00074776163 94:0.00027929692 143:4.2409585e-05
347 b'position' 23:0.000835203 42:0.003178122 94:0.0002736789 143:2.1211537e-05 488:0.00079087267
348 b'power' 23:0.0004494765 94:0.00037792904 143:0.00014751441
349 b'president' 23:0.0016820949 94:0.0032016526 143:0.000841205
350 b'prisoner' 23:0.00063457224 94:0.00047985298 143:1.3567384e-05
351 b'pro-government' 23:0.0003259099 94:0.0006038408 143:9.478812e-05
352 b'protest' 23:0.00066895137 94:0.0004083886 143:2.1253514e-05
353 b'protester' 23:0.0005962057 94:0.00047157455 143:2.2832066e-05
354 b'province' 23:0.0019379662 94:0.00367891 143:0.00017812615
355 b'qaeda' 23:0.0006185698 94:0.00054681225 143:7.09467e-06
356 b'rajiha' 23:0.00048465678 94:0.00045048798 143:7.342317e-05
357 b'range' 23:0.002360557 94:0.0017804337 143:0.0016829018
358 b'rebel' 23:0.0023125045 94:0.0020339494 143:0.0013776658
359 b'regime' 23:0.0022086557 94:0.0028172554 143:0.000572161
360 b'region' 23:0.0007394899 42:0.007648971 94:0.0004467653 143:5.3635204e-06 488:0.0038590145
361 b'release' 23:0.00058691093 42:0.0011078262 94:0.00049180706 143:2.0405609e-05 488:3.1648622e-05
362 b'relief' 23:0.0007063708 42:0.0011272359 94:0.00042052133 143:1.2134545e-05 488:2.4030502e-05
363 b'report' 23:0.010921342 94:0.007190324 143:0.0073362533
364 b'restive' 23:0.0005256238 94:0.0005000743 143:3.510638e-05
365 b'revise' 23:0.00062077167 94:0.00044915083 143:2.2375618e-05
366 b'rights' 23:0.0041770046 94:0.005050148 143:0.0025984594
367 b'sanction' 23:0.000505239 94:0.00050239265 143:4.160113e-05
368 b'secure' 23:0.00058849424 94:0.00028969365 143:0.000114749215
369 b'security' 23:0.012522801 94:0.016685162 143:0.010245015 209:0.01285679 259:0.006639206
370 b'series' 23:0.00086393405 94:0.00024328462 143:2.444527e-05
371 b'shabiha' 23:0.0005844649 94:0.00052789017 143:1.4120797e-05
372 b'shawkat' 23:0.00037633645 94:0.00074901426 143:1.9950012e-05
373 b'shell' 23:0.0027093242 94:0.0024344963 143:0.00039830335
374 b'shoot' 23:0.0043430044 94:0.0047262944 143:0.0028040605
375 b'shughour' 23:0.00056905864 94:0.0002513381 143:0.00016633137
376 b'siege' 23:0.0005808977 94:0.00039671193 143:5.273319e-05
377 b'situation' 23:0.0009327155 42:0.0033101698 94:0.0001879981 143:2.9115148e-05 488:0.00050481566
378 b'soldier' 23:0.0006869226 94:0.0002879413 143:6.147023e-05
379 b'southern' 23:0.00049575564 94:0.000524951 143:3.761727e-05
380 b'spread' 23:0.0004292085 94:0.000562128 143:5.1832227e-05
381 b'stab' 23:0.0033174686 94:0.0014890089 143:0.0006986183
382 b'stage' 23:0.0007698665 94:0.00021095005 143:7.29826e-05
383 b'suburb' 23:0.00038241388 94:0.0005175905 143:0.000101560225
384 b'suicide' 23:0.002706482 94:0.0020403566 143:0.00079813704
385 b'sunni' 23:0.00074992265 94:0.000340786 143:2.0683588e-05
386 b'survivor' 23:0.0006904452 94:0.00034199163 143:3.5404133e-05
387 b'suspend' 23:0.003134702 94:0.0016331774 143:0.00074594613 209:0.0023027444 259:0.00043354748
388 b'sweep' 23:0.0007078969 94:0.0003249946 143:3.636677e-05
389 b'syria' 23:0.006866757 94:0.0071393778 143:0.0043958477
390 b'syrian' 23:0.022354893 94:0.0224164 143:0.014693959
391 b'taldou' 23:0.0006594469 94:0.00044796034 143:1.4879215e-05
392 b'talk' 23:0.00043378753 94:0.00027273025 143:0.00028086963
393 b'tank' 23:0.0006880421 94:0.00034424878 143:3.531726e-05
394 b'target' 23:0.00044325032 94:0.00062298676 143:2.7672395e-05
395 b'terrorist' 23:0.0025102776 94:0.0025042018 143:0.00053691707
396 b'time' 23:0.00068797485 42:0.0054757292 94:0.00044164204 143:1.1492165e-05 209:0.0020668486 259:0.0007121677 488:0.0019267426
397 b'tlas' 23:0.0006388876 94:0.00033595294 143:5.676859e-05
398 b'town' 23:0.00066026126 94:0.00043123434 143:1.7958342e-05
399 b'transition' 23:0.00063969084 94:0.00021477941 143:0.00014942231
400 b'tremseh' 23:0.0019036888 94:0.0026322217 143:0.0012033618
401 b'trigger' 23:0.0006960731 94:0.00027953807 143:6.224259e-05
402 b'turkomani' 23:0.00056713744 94:0.00036503273 143:7.538036e-05
403 b'tv' 23:0.0006449447 94:0.00043562343 143:2.0130234e-05
404 b'un-arab' 23:0.00039431185 94:0.00060328824 143:5.284586e-05
405 b'unrest' 23:0.00022736471 94:0.0008594742 143:5.317862e-05
406 b'uprising' 23:0.005793359 94:0.0023967025 143:0.0040394673
407 b'vice-president' 23:0.0006657832 94:0.00036240934 143:3.563556e-05
408 b'victim' 23:0.000581182 94:0.00044729412 143:3.360811e-05
409 b'village' 23:0.009890851 94:0.0106544 143:0.015113956
410 b'violence' 23:0.0022695528 94:0.0018347886 143:0.0017536383
411 b'vote' 23:0.00081338076 94:0.00035602457 143:8.205008e-06
412 b'watch' 23:0.00043282594 42:0.0010592906 94:0.0003557651 143:0.00018346038 488:5.7494206e-05
413 b'western' 23:0.0008164288 94:0.00026343198 143:2.8741606e-05
414 b'witness' 23:0.0022407728 94:0.0020236552 143:0.0015103933
415 b'wood' 23:0.00062363147 94:0.00034813894 143:5.7260993e-05
416 b'worst' 23:0.00047594355 94:0.00049379974 143:5.7432066e-05
417 b'zawiya' 23:0.00053442054 94:0.00040958214 143:6.813511e-05
418 b'zeytoun' 23:9.4086725e-05 94:0.0009192225 143:0.00017684147
419 b'20,000' 209:0.002710402 259:0.00012779646
420 b'80,000' 209:0.0024778955 259:0.00027541845
421 b'active' 209:0.0021215696 259:0.00064082193
422 b'apply' 209:0.0025274628 259:0.00023811286
423 b'atif' 209:0.0024680996 259:0.0002831762
424 b'avanesov' 209:0.0029285925 259:4.764269e-05
425 b'bad' 209:0.0020491767 259:0.0007360704
426 b'bot' 209:0.017499896 259:0.012991622
427 b'botnet' 209:0.043078057 259:0.021424647
428 b'bredolab' 209:0.0018549475 259:0.0010263522
429 b'channel' 209:0.0028200576 259:8.109112e-05
430 b'cheap' 209:0.00234466 259:0.00039193904
431 b'clamp' 209:0.0025971774 259:0.00019107813
432 b'closure' 209:0.0025348687 259:0.00023281803
433 b'cnc' 209:0.0180172 259:0.011635663
434 b'collaborate' 209:0.0026590277 259:0.00015454217
435 b'collaboration' 209:0.0023285942 259:0.00040760462
436 b'comfort' 209:0.0023110274 259:0.00042513674
437 b'command' 209:0.0025330996 259:0.0002340759
438 b'company' 209:0.002819014 259:8.147173e-05
439 b'computer' 209:0.006521332 259:0.004949622
440 b'control' 209:0.002470848 259:0.0002809859
441 b'cooperation' 209:0.0024065971 259:0.00033480424
442 b'cybercriminal' 209:0.0022313525 259:0.00050990534
443 b'dent' 209:0.0024717813 259:0.00028024515
444 b'destination' 209:0.002924763 259:4.8624912e-05
445 b'development' 42:0.0011803285 209:0.0022439624 259:0.00049591425 488:9.817422e-06
446 b'disable' 209:0.002751553 259:0.0001086517
447 b'disrupt' 209:0.0021818865 259:0.00056687143
448 b'dream' 209:0.0020875107 259:0.0006847524
449 b'dutch' 209:0.002433446 259:0.0003116436
450 b'easy' 42:0.0009959117 209:0.0026130055 259:0.00018126938 488:0.00010787065
451 b'encouraging' 209:0.002219162 259:0.000523635
452 b'europe' 209:0.0027339584 259:0.00011659316
453 b'expert' 83:0.0023941372 173:7.1898434e-08 209:0.002527352 259:0.00023819417
454 b'explain' 209:0.0021555838 259:0.00059851375
455 b'eye' 209:0.00219528 259:0.0005511176
456 b'fake' 209:0.0022427493 259:0.0004972514
457 b'fireeye' 209:0.010484418 259:0.012705222
458 b'front' 209:0.0026056098 259:0.000185813
459 b'generate' 209:0.0024551998 259:0.0002935863
460 b'georgiy' 209:0.0021497114 259:0.0006057055
461 b'grum' 209:0.019364828 259:0.00819602
462 b'haven' 209:0.007151423 259:0.0035365277
463 b'herder' 209:0.019392291 259:0.00812774
464 b'hijack' 209:0.0028504506 259:7.051112e-05
465 b'huge' 209:0.0023932331 259:0.00034669423
466 b'illegal' 209:0.0073773 259:0.0030637227
467 b'inbox' 209:0.0025259375 259:0.00023921403
468 b'individual' 209:0.002211109 259:0.0005328175
469 b'industry' 209:0.002767105 259:0.00010193107
470 b'ineffective' 209:0.0018476911 259:0.0010381702
471 b'internet' 209:0.002413918 259:0.00032839304
472 b'involve' 209:0.0028065022 259:8.613026e-05
473 b'isp' 209:0.013154094 259:0.005928378
474 b'jail' 209:0.002833168 259:7.64068e-05
475 b'junk' 209:0.0020766186 259:0.00069913344
476 b'learn' 209:0.002461248 259:0.00028867653
477 b'local' 209:0.0056423987 259:0.007097039
478 b'malware' 209:0.0025732256 259:0.00020652928
479 b'message' 209:0.0025058454 259:0.00025398497
480 b'microsoft' 209:0.0025712107 259:0.00020786206
481 b'million' 209:0.0020356076 259:0.0007547114
482 b'monday' 42:0.0034559534 209:0.002579549 259:0.00020237845 488:0.0002601926
483 b'mushtaq' 209:0.013057554 259:0.0061574755
484 b'network' 209:0.0124640195 259:0.0076003396
485 b'neutralise' 209:0.0021518096 259:0.00060313346
486 b'news' 209:0.0066775116 259:0.0045879097
487 b'note' 209:0.0026104501 259:0.00018283125
488 b'panama' 209:0.007283172 259:0.003258277
489 b'panamanian' 209:0.002517956 259:0.00024501764
490 b'past' 83:0.0023841723 173:1.0257669e-07 209:0.0020468496 259:0.0007392487
491 b'pound' 209:0.0025965583 259:0.00019146742
492 b'pressure' 42:0.0011161387 209:0.006488734 259:0.0050259684 488:2.82096e-05
493 b'profile' 209:0.002098696 259:0.0006701537
494 b'prove' 83:0.0023183175 173:7.109465e-07 209:0.0026286317 259:0.00017189761
495 b'provider' 209:0.0024210145 259:0.00032224657
496 b'quickly' 209:0.0022334156 259:0.00050760194
497 b'render' 209:0.0015571581 259:0.0015685414
498 b'researcher' 209:0.006788152 259:0.004335967
499 b'responsible' 209:0.0025143677 259:0.0002476537
500 b'rest' 209:0.0024217707 259:0.00032159573
501 b'result' 42:0.0010777959 209:0.0017497576 259:0.0012044949 488:4.642712e-05
502 b'revenue' 209:0.0021733472 259:0.00057704234
503 b'rolex' 209:0.0025555273 259:0.00021842236
504 b'russia' 209:0.007128819 259:0.0035849283
505 b'russian' 209:0.007077165 259:0.0036962298
506 b'safe' 209:0.0072242236 259:0.0033819464
507 b'secondary' 209:0.0022175275 259:0.00052549125
508 b'send' 209:0.0071561406 259:0.003526449
509 b'sentence' 209:0.0026759943 259:0.00014535322
510 b'server' 209:0.029079562 259:0.020396978
511 b'service' 42:0.0010046181 209:0.007712135 259:0.0024032693 488:9.9750636e-05
512 b'shut' 209:0.021266073 259:0.022130469
513 b'spam' 209:0.01096118 259:0.0114454245
514 b'spamhaus' 209:0.002405116 259:0.00033610984
515 b'spammer' 209:0.0024396896 259:0.0003063956
516 b'start' 209:0.0068321107 259:0.0042368956
517 b'strong' 42:0.0009940088 83:0.0021840392 173:9.174857e-06 209:0.0024959098 259:0.00026148613 488:0.000109698696
518 b'takedown' 209:0.0020088647 259:0.00079217064
519 b'theft' 209:0.0026032378 259:0.00018728446
520 b'touch' 209:0.0023629377 259:0.00037453874
521 b'tracking' 209:0.0026689738 259:0.00014911241
522 b'tuesday' 42:0.0053945947 209:0.0024323612 259:0.00031256094 488:0.0021911187
523 b'ukraine' 209:0.018129934 259:0.011342337
524 b'usa' 209:0.0022591734 259:0.00047932475
525 b'viagra' 209:0.0017992525 259:0.0011188498
526 b'worldwide' 209:0.0068799155 259:0.0041298573
527 b'write' 83:0.0023096558 173:8.7851646e-07 209:0.007830488 259:0.0021829063
528 b'wrong' 209:0.0022839888 259:0.00045293718
529 b'zeus' 209:0.002147861 259:0.0006079816
530 b'zone' 209:0.0024179802 259:0.0003248669
531 b'\xc2\xa3' 42:0.001068705 83:0.0023435801 173:3.6429245e-07 209:0.0019606785 259:0.00086208625 488:5.166937e-05
532 b'1' 42:0.0010182183 488:8.784814e-05
533 b'10' 42:0.003397306 488:0.0003489204
534 b'100bn' 42:0.0011965784 488:7.086568e-06
535 b'125bn' 42:0.0011773404 488:1.0392659e-05
536 b'17' 42:0.0011090138 488:3.114016e-05
537 b'18bn' 42:0.0010679449 488:5.2124993e-05
538 b'3.7' 42:0.00095108355 488:0.0001560439
539 b'7.6' 42:0.0011534905 488:1.5889162e-05
540 b'80bn' 42:0.0009982324 488:0.00010566839
541 b'aaa' 42:0.0055620917 488:0.0016565835
542 b'accord' 42:0.0011363451 488:2.0937123e-05
543 b'action' 42:0.0010553258 488:6.0069524e-05
544 b'add' 42:0.0035881815 83:0.0022733784 173:1.9616707e-06 488:0.00011080893
545 b'addition' 42:0.0011179337 488:2.7502176e-05
546 b'affairs' 42:0.0011951033 488:7.308181e-06
547 b'agency' 42:0.009880687 488:0.005802823
548 b'agree' 42:0.0011391896 488:2.0031302e-05
549 b'agreement' 42:0.0034467012 488:0.00027329262
550 b'aid' 42:0.0011483795 488:1.7292188e-05
551 b'ail' 42:0.00096184877 488:0.00014348893
552 b'andrew' 42:0.0011673742 488:1.24876115e-05
553 b'assess' 42:0.0010970326 488:3.6525784e-05
554 b'assistance' 42:0.00089479994 488:0.0002320732
555 b'auction' 42:0.0033374953 488:0.00045293957
556 b'austria' 42:0.0011189214 488:2.7118016e-05
557 b'autonomous' 42:0.0010931565 488:3.8394042e-05
558 b'avoid' 42:0.001163816 488:1.3304104e-05
559 b'bailout' 42:0.010533999 488:0.0032929326
560 b'ban' 42:0.0010075287 488:9.712308e-05
561 b'bank' 42:0.0073477714 488:0.0050182096
562 b'batch' 42:0.0011152028 488:2.8583123e-05
563 b'benchmark' 42:0.0011145613 488:2.8841441e-05
564 b'berlin' 42:0.0012429188 488:2.326633e-06
565 b'bernard' 42:0.0009807901 488:0.00012292023
566 b'biggest' 42:0.0010869358 488:4.152467e-05
567 b'bill' 42:0.0012803728 488:7.1954844e-07
568 b'bond' 42:0.010270743 488:0.004275114
569 b'borrow' 42:0.005981255 488:0.0005699205
570 b'borrower' 42:0.002862198 488:0.0016690204
571 b'borrowing' 42:0.007133433 488:0.0058701523
572 b'burden' 42:0.0011243799 488:2.5061992e-05
573 b'buy' 42:0.0010779785 488:4.6325833e-05
574 b'catalonia' 42:0.003182474 488:0.0007805685
575 b'categorically' 42:0.0011092222 488:3.105196e-05
576 b'cazeneuve' 42:0.0034432332 488:0.00027829027
577 b'central' 42:0.000982819 488:0.00012083048
578 b'chain' 42:0.001004065 488:0.000100254656
579 b'challenge' 42:0.0010425069 488:6.8906906e-05
580 b'chance' 42:0.0011833068 488:9.267571e-06
581 b'change' 42:0.0011172026 83:0.006468111 173:0.00019416567 488:2.7788756e-05
582 b'cheaply' 42:0.0011436989 488:1.86519e-05
583 b'circumvent' 42:0.001130126 488:2.3016846e-05
584 b'claim' 42:0.0010358901 488:7.377813e-05
585 b'collective' 42:0.0011269565 488:2.413017e-05
586 b'condition' 42:0.0010673392 488:5.2489195e-05
587 b'constitutional' 42:0.001052846 488:6.171823e-05
588 b'cost' 42:0.012459213 488:0.006433899
589 b'creation' 42:0.0012314405 488:3.1575858e-06
590 b'credit' 42:0.0010637582 488:5.467922e-05
591 b'creditworthiness' 42:0.0010582637 488:5.8153957e-05
592 b'current' 42:0.0011263504 488:2.4347226e-05
593 b'debt' 42:0.012932818 488:0.0045581926
594 b'decide' 42:0.0010854048 488:4.2320695e-05
595 b'decision' 42:0.0011665017 488:1.2684335e-05
596 b'deep' 42:0.0010576226 488:5.8569058e-05
597 b'delay' 42:0.0009819838 488:0.000121688085
598 b'deliver' 42:0.0012749543 488:8.694357e-07
599 b'deny' 42:0.0032519146 488:0.0006240357
600 b'difference' 42:0.0009972742 488:0.00010657397
601 b'direct' 42:0.0011247237 488:2.4936398e-05
602 b'directly' 42:0.0011351866 488:2.1314223e-05
603 b'door' 42:0.0011986812 488:6.779368e-06
604 b'downgrade' 42:0.0011736891 488:1.1127991e-05
605 b'earlier' 42:0.0010147184 488:9.082026e-05
606 b'economic' 42:0.0011610966 488:1.395333e-05
607 b'economics' 42:0.0010484043 488:6.474403e-05
608 b'economy' 42:0.0030639372 488:0.0010802987
609 b'editor' 42:0.0012342035 83:0.002171878 173:1.091415e-05 488:2.939631e-06
610 b'effective' 42:0.0010881721 488:4.0889274e-05
611 b'esm' 42:0.0012250158 488:3.7117138e-06
612 b'essential' 42:0.0010170228 488:8.885654e-05
613 b'euro' 42:0.009782446 488:0.0061974633
614 b'european' 42:0.007579688 488:0.0041209147
615 b'eurozone' 42:0.0056143827 488:0.0014993106
616 b'execute' 42:0.0012696306 488:1.0397331e-06
617 b'exit' 42:0.0009974174 488:0.000106438565
618 b'expect' 42:0.0010289488 488:7.9118945e-05
619 b'expectation' 42:0.0010154058 488:9.023156e-05
620 b'fabius' 42:0.0010056597 488:9.880545e-05
621 b'fall' 42:0.0033269925 488:0.0004725643
622 b'feed' 42:0.0010734794 488:4.8870144e-05
623 b'finance' 42:0.005614329 488:0.0014994671
624 b'finances' 42:0.0029181654 488:0.0014969852
625 b'financial' 42:0.005508958 488:0.0018213472
626 b'financing' 42:0.0011294774 488:2.3241679e-05
627 b'fitch' 42:0.001272742 488:9.372911e-07
628 b'fix' 42:0.0011538767 488:1.5786454e-05
629 b'focus' 42:0.0010820535 488:4.409781e-05
630 b'foreign' 42:0.0011366752 488:2.0830648e-05
631 b'foresee' 42:0.0011430868 488:1.883519e-05
632 b'french' 42:0.0011162058 488:2.818287e-05
633 b'fund' 42:0.009825576 488:0.0060238075
634 b'fundamental' 42:0.0011684935 488:1.2238327e-05
635 b'future' 42:0.0010973809 488:3.6360594e-05
636 b'gavin' 42:0.0010205378 488:8.5912056e-05
637 b'german' 42:0.00091400195 488:0.00020415838
638 b'germany' 42:0.012616553 488:0.005801083
639 b'grab' 42:0.0010847859 488:4.264526e-05
640 b'grant' 42:0.0011127897 488:2.9562278e-05
641 b'greece' 42:0.0032424848 488:0.0006444
642 b'greek' 42:0.0032857223 488:0.0005534416
643 b'guindos' 42:0.0012065655 488:5.714422e-06
644 b'hamper' 42:0.0010742685 488:4.8417467e-05
645 b'handful' 42:0.0011104479 488:3.0534826e-05
646 b'handout' 42:0.0009890454 488:0.0001145546
647 b'heavily' 42:0.0009305947 488:0.00018168997
648 b'heel' 42:0.0012609818 488:1.3713043e-06
649 b'hewitteurope' 42:0.0010042259 488:0.000100108
650 b'highly' 42:0.003253562 488:0.00062050886
651 b'immediately' 42:0.0009689855 488:0.00013551266
652 b'impact' 42:0.001226811 488:3.5500334e-06
653 b'implementation' 42:0.0031262517 488:0.00091791275
654 b'imply' 42:0.0031088726 488:0.00096216577
655 b'initiative' 42:0.0011436946 488:1.8653072e-05
656 b'introduce' 42:0.0010378747 488:7.229437e-05
657 b'investment' 42:0.0011098079 488:3.0803883e-05
658 b'investor' 42:0.0010422992 488:6.905644e-05
659 b'ireland' 42:0.0011231357 488:2.5520883e-05
660 b'issue' 42:0.0011750202 488:1.0855759e-05
661 b'italian' 42:0.0008850949 488:0.00024696617
662 b'italy' 42:0.0074275956 488:0.004706129
663 b'joint' 42:0.0009868967 488:0.00011669751
664 b'late' 42:0.0011066832 488:3.2142783e-05
665 b'laurent' 42:0.0012793494 488:7.461499e-07
666 b'leader' 42:0.0011054775 488:3.266942e-05
667 b'leave' 42:0.0011383821 83:0.0021021252 173:2.609977e-05 488:2.0285623e-05
668 b'lifetime' 42:0.0009979435 488:0.000105940424
669 b'likelihood' 42:0.0012498562 488:1.9131937e-06
670 b'line' 42:0.0012023483 488:6.267273e-06
671 b'loan' 42:0.0011275348 488:2.3924309e-05
672 b'luxembourg' 42:0.0011202912 488:2.6591732e-05
673 b'market' 42:0.0069188783 488:0.00673973
674 b'measure' 42:0.0011521607 488:1.6245978e-05
675 b'ministry' 42:0.0031308301 488:0.0009063911
676 b'money' 42:0.003050648 488:0.0011162312
677 b'moody' 42:0.009884212 488:0.0057887314
678 b'negative' 42:0.0033294507 488:0.00046793418
679 b'netherlands' 42:0.0010992658 488:3.547727e-05
680 b'notably' 42:0.0010094321 488:9.542885e-05
681 b'oil' 42:0.00095619843 488:0.00015000041
682 b'outlook' 42:0.0032851286 488:0.00055465003
683 b'package' 42:0.0011374386 488:2.0585727e-05
684 b'pay' 42:0.007631283 488:0.003925567
685 b'policymaker' 42:0.0010448399 488:6.723998e-05
686 b'poor' 42:0.0010680732 488:5.2047955e-05
687 b'portugal' 42:0.0011137478 488:2.9170897e-05
688 b'pour' 42:0.0010739862 488:4.857893e-05
689 b'preserve' 42:0.0011853529 488:8.903089e-06
690 b'price' 42:0.0011637533 488:1.3318856e-05
691 b'promise' 42:0.0009139933 488:0.00020417164
692 b'provision' 42:0.0010900036 488:3.9960283e-05
693 b'public' 42:0.0010135331 488:9.184114e-05
694 b'raise' 42:0.0011911839 488:7.921578e-06
695 b'ranking' 42:0.0010801096 488:4.5151824e-05
696 b'rate' 42:0.011302894 488:0.01125281
697 b'ratify' 42:0.0011361587 488:2.0997491e-05
698 b'rating' 42:0.005765132 488:0.0010767902
699 b'reflect' 42:0.0033021076 83:0.0022293904 173:4.476178e-06 488:0.0005206235
700 b'regularly' 42:0.0010771172 488:4.6805842e-05
701 b'regulator' 42:0.0010685629 488:5.1754483e-05
702 b'remain' 42:0.0011521647 488:1.624497e-05
703 b'repay' 42:0.00094086054 83:0.002218384 173:5.3873014e-06 488:0.00016855224
704 b'republic' 42:0.0011131712 488:2.9406252e-05
705 b'request' 42:0.0011547777 488:1.5548825e-05
706 b'require' 42:0.0010738387 488:4.8663558e-05
707 b'review' 42:0.001133725 488:2.1796735e-05
708 b'rise' 42:0.0029290349 488:0.0014642989
709 b'risk' 42:0.0012119743 488:5.059531e-06
710 b'rival' 42:0.001041676 488:6.9506386e-05
711 b'rock' 42:0.0010695686 488:5.1155817e-05
712 b'sector' 42:0.0010619878 488:5.5783676e-05
713 b'sell' 42:0.0033753766 83:0.0022396008 173:3.7427124e-06 488:0.0003855062
714 b'selling' 42:0.0032044705 488:0.00072936295
715 b'september' 42:0.0011130922 83:0.0023722425 173:1.531369e-07 488:2.9438686e-05
716 b'set' 42:0.0010582975 488:5.813233e-05
717 b'shock' 42:0.0032637317 488:0.0005989277
718 b'short' 42:0.0032809894 488:0.000563096
719 b'similar' 42:0.0011881437 488:8.422847e-06
720 b'slow' 42:0.00092521834 488:0.0001888041
721 b'sovereign' 42:0.003404094 488:0.00033796506
722 b'spain' 42:0.03326242 488:0.046901964
723 b'spanish' 42:0.007839189 488:0.0031579128
724 b'speed' 42:0.0010550668 488:6.024054e-05
725 b'spike' 42:0.0011232219 488:2.5488822e-05
726 b'spiral' 42:0.001146932 488:1.7705062e-05
727 b'spiro' 42:0.003562977 488:0.00013380444
728 b'stable' 42:0.0011276978 488:2.3866518e-05
729 b'standard' 42:0.0011095374 488:3.091852e-05
730 b'statement' 42:0.0032347664 488:0.00066127896
731 b'step' 42:0.0010496508 488:6.388547e-05
732 b'stock' 42:0.0010846531 488:4.2714822e-05
733 b'strain' 42:0.0011288372 488:2.3465085e-05
734 b'strategies' 42:0.0008982503 488:0.00022690615
735 b'struggle' 42:0.0012670814 488:1.1300737e-06
736 b'style' 42:0.0012030387 488:6.174122e-06
737 b'success' 42:0.0009118893 488:0.00020712952
738 b'summit' 42:0.003121152 488:0.00093081384
739 b'support' 42:0.0047617005 488:0.004497318
740 b'takeaway' 42:0.0011276993 488:2.386588e-05
741 b'tanker' 42:0.0031476147 488:0.0008646606
742 b'tap' 42:0.0011098338 488:3.0793042e-05
743 b'technique' 42:0.0011670748 488:1.2554877e-05
744 b'tension' 42:0.0009767944 488:0.00012709916
745 b'term' 42:0.0012394288 488:2.5590036e-06
746 b'thrash' 42:0.0011484413 488:1.7274815e-05
747 b'top' 42:0.001182644 488:9.388142e-06
748 b'trader' 42:0.0010516462 488:6.2526255e-05
749 b'trend' 42:0.0011546435 488:1.5584008e-05
750 b'ultimately' 42:0.0010167463 488:8.909005e-05
751 b'unsustainable' 42:0.001090911 488:3.950517e-05
752 b'upwards' 42:0.001064895 488:5.3977335e-05
753 b'valencia' 42:0.0012053711 488:5.8671385e-06
754 b'walkerbbc' 42:0.0011306704 488:2.2829303e-05
755 b'warn' 42:0.0032578604 488:0.0006113451
756 b'weakening' 42:0.0010890192 488:4.0457704e-05
757 b'wednesday' 42:0.00097074144 488:0.00013359252
758 b'wheel' 42:0.0011004013 488:3.4952507e-05
759 b'widespread' 42:0.0011787779 488:1.0112912e-05
760 b'worry' 42:0.0028919512 83:0.0022971204 173:1.1764541e-06 488:0.0015768008
761 b'wreck' 42:0.001228129 488:3.4347195e-06
762 b'yield' 42:0.007756265 488:0.0034600263
763 b'100,000' 83:0.0021717527 173:1.09333405e-05
764 b'11' 83:0.0023013558 173:1.067862e-06
765 b'145' 83:0.0019603476 173:9.6480646e-05
766 b'50,000' 83:0.0023500347 173:3.0297778e-07
767 b'78' 83:0.002194606 173:7.842717e-06
768 b'abandon' 83:0.0022811468 173:1.6688716e-06
769 b'abbey' 83:0.0022567865 173:2.7239487e-06
770 b'absence' 83:0.0021101537 173:2.3832836e-05
771 b'achievement' 83:0.0020857854 173:3.1194464e-05
772 b'adapt' 83:0.00220009 173:7.212445e-06
773 b'aged' 83:0.0023191113 173:6.969874e-07
774 b'aka' 83:0.0022982424 173:1.1468597e-06
775 b'alison' 83:0.0022898195 173:1.3844683e-06
776 b'amanda' 83:0.0023415717 173:3.8535632e-07
777 b'amazing' 83:0.002398476 173:6.120451e-08
778 b'artistic' 83:0.0021853435 173:9.0018875e-06
779 b'author' 83:0.009847508 173:0.0049889497
780 b'background' 83:0.0021710445 173:1.1041919e-05
781 b'barnes' 83:0.0021460713 173:1.5419659e-05
782 b'beat' 83:0.0023017332 173:1.0586346e-06
783 b'beauman' 83:0.006629898 173:6.8768655e-05
784 b'bequeath' 83:0.0022022135 173:6.9792695e-06
785 b'bewildering' 83:0.002353905 173:2.7048844e-07
786 b'bharat' 83:0.006039724 173:0.0009885725
787 b'birch' 83:0.0064062215 173:0.00026577906
788 b'book' 83:0.00629057 173:0.0004381107
789 b'booker' 83:0.0023841884 173:1.0251762e-07
790 b'bookshop' 83:0.0062845163 173:0.0004485468
791 b'bronte' 83:0.0021183458 173:2.1671976e-05
792 b'care' 83:0.0021563887 173:1.3477384e-05
793 b'catch' 83:0.0023145056 173:7.8113845e-07
794 b'charles' 83:0.0021169505 173:2.2029473e-05
795 b'childhood' 83:0.0022201936 173:5.2284286e-06
796 b'comment' 83:0.0022251527 173:4.8114566e-06
797 b'considerable' 83:0.0022046352 173:6.7202122e-06
798 b'contemporary' 83:0.002170876 173:1.1068044e-05
799 b'copy' 83:0.0023582461 173:2.375484e-07
800 b'crawley' 83:0.002084809 173:3.1519852e-05
801 b'critic' 83:0.0021344475 173:1.7850052e-05
802 b'criticism' 83:0.0022888195 173:1.4151161e-06
803 b'dan' 83:0.002180183 173:9.702008e-06
804 b'deal' 83:0.006176932 173:0.0006576627
805 b'deborah' 83:0.0066200932 173:7.4065414e-05
806 b'debut' 83:0.0023982162 173:6.1803604e-08
807 b'delightful' 83:0.002092423 173:2.904526e-05
808 b'dementia' 83:0.00238227 173:1.0953002e-07
809 b'devonshire' 83:0.002221849 173:5.086246e-06
810 b'diary' 83:0.0022586617 173:2.627555e-06
811 b'dickens' 83:0.0022930668 173:1.288575e-06
812 b'dinah' 83:0.002175512 173:1.0370331e-05
813 b'downton' 83:0.002218125 173:5.4103784e-06
814 b'duchess' 83:0.0060830032 173:0.0008765595
815 b'dumb' 83:0.0022956159 173:1.2171337e-06
816 b'emphasis' 83:0.002363543 173:2.0193934e-07
817 b'extraordinary' 83:0.0023801513 173:1.1774851e-07
818 b'favour' 83:0.0020633577 173:3.9310118e-05
819 b'fiction' 83:0.010378312 173:0.0025255412
820 b'film' 83:0.0021899438 173:8.4109515e-06
821 b'finalist' 83:0.0021335843 173:1.8041372e-05
822 b'foreman' 83:0.005985395 173:0.0011389039
823 b'foyles' 83:0.00232734 173:5.650689e-07
824 b'frayn' 83:0.006674586 173:4.790489e-05
825 b'friend' 83:0.0023254033 173:5.941149e-07
826 b'friendship' 83:0.0021531407 173:1.4067863e-05
827 b'genuinely' 83:0.0021446308 173:1.5706444e-05
828 b'georgiana' 83:0.0023379335 173:4.2603347e-07
829 b'goodness' 83:0.0022027395 173:6.9223815e-06
830 b'grip' 83:0.0022441442 173:3.4483103e-06
831 b'historian' 83:0.0020176899 173:6.032269e-05
832 b'holiday' 83:0.002240762 173:3.6657152e-06
833 b'ian' 83:0.0021715218 173:1.0968619e-05
834 b'imperfection' 83:0.002228315 173:4.559503e-06
835 b'jeet' 83:0.0066217915 173:7.312898e-05
836 b'jonathan' 83:0.002217557 173:5.461269e-06
837 b'joyce' 83:0.0022668198 173:2.2394245e-06
838 b'judge' 83:0.010858536 173:0.0009259894
839 b'judging' 83:0.0020501413 173:4.4745415e-05
840 b'julian' 83:0.0022443314 173:3.4367015e-06
841 b'keira' 83:0.0023622427 173:2.1023476e-07
842 b'knightley' 83:0.0020913295 173:2.939139e-05
843 b'levy' 83:0.0064085196 173:0.00026287182
844 b'literary' 83:0.0023004275 173:1.0909422e-06
845 b'literature' 83:0.006310672 173:0.00040447732
846 b'longlist' 83:0.019420084 173:0.0055027152
847 b'madness' 83:0.002261027 173:2.5099603e-06
848 b'matthew' 83:0.00225593 173:2.7688402e-06
849 b'mcewan' 83:0.002271623 173:2.0331609e-06
850 b'memory' 83:0.002252835 173:2.9360056e-06
851 b'michael' 83:0.0065037794 173:0.00015912704
852 b'middle' 83:0.002197998 173:7.4482155e-06
853 b'moore' 83:0.0021781297 173:9.991529e-06
854 b'narrate' 83:0.002207785 173:6.3946636e-06
855 b'nature' 83:0.0022473955 173:3.2490657e-06
856 b'ned' 83:0.0063241525 173:0.0003827981
857 b'nominee' 83:0.0022157233 173:5.627749e-06
858 b'notion' 83:0.002265479 173:2.2999502e-06
859 b'novelist' 83:0.0022424243 173:3.5575745e-06
860 b'october' 83:0.0021638286 173:1.2195581e-05
861 b'opportunity' 83:0.0020874173 173:3.065533e-05
862 b'oscar' 83:0.0022923814 173:1.3083754e-06
863 b'pace' 83:0.002249765 173:3.109655e-06
864 b'panel' 83:0.0022541925 173:2.8617146e-06
865 b'path' 83:0.0022882968 173:1.4313752e-06
866 b'prize' 83:0.0023083778 173:9.057745e-07
867 b'prospect' 83:0.002026418 173:5.5808207e-05
868 b'rachel' 83:0.0023312953 173:5.093539e-07
869 b're-read' 83:0.002270303 173:2.088295e-06
870 b'read' 83:0.00991927 173:0.0046231435
871 b'readable' 83:0.0022509398 173:3.042276e-06
872 b'reader' 83:0.0064405045 173:0.00022438799
873 b'retailer' 83:0.0022881473 173:1.4360322e-06
874 b'rose' 83:0.002287747 173:1.4486319e-06
875 b'ruppin' 83:0.0022339555 173:4.135566e-06
876 b'sale' 83:0.002261743 173:2.475198e-06
877 b'sam' 83:0.00207885 173:3.356074e-05
878 b'sand' 83:0.0019036488 173:0.00014450432
879 b'select' 83:0.0061969864 173:0.0006152862
880 b'shortest' 83:0.0022039392 173:6.79388e-06
881 b'shortlist' 83:0.0062629147 173:0.0004869329
882 b'sir' 83:0.01092005 173:0.00077643024
883 b'sister' 83:0.0022216043 173:5.1071174e-06
884 b'smith' 83:0.0022286472 173:4.5336305e-06
885 b'specialise' 83:0.0023881947 173:8.908091e-08
886 b'star' 83:0.0065676076 173:0.00010717757
887 b'stevens' 83:0.002242778 173:3.534875e-06
888 b'stothard' 83:0.0021702673 173:1.1161918e-05
889 b'subject' 83:0.0022268107 173:4.67807e-06
890 b'supplement' 83:0.0022177896 173:5.4403977e-06
891 b'tackle' 83:0.0022251655 173:4.8105207e-06
892 b'tandon' 83:0.006444612 173:0.00021971513
893 b'teach' 83:0.002132445 173:1.8295605e-05
894 b'technological' 83:0.0023450411 173:3.495874e-07
895 b'terrific' 83:0.0023253378 173:5.951345e-07
896 b'thayil' 83:0.0062911278 173:0.00043715705
897 b'theme' 83:0.006180246 173:0.0006505501
898 b'thompson' 83:0.0021704037 173:1.1140882e-05
899 b'thousand' 83:0.0022046457 173:6.719103e-06
900 b'thrilling' 83:0.0022178069 173:5.4389093e-06
901 b'times' 83:0.0022440949 173:3.4514228e-06
902 b'title' 83:0.0022523508 173:2.9629043e-06
903 b'tony' 83:0.002199141 173:7.318664e-06
904 b'track' 83:0.0022039025 173:6.7978003e-06
905 b'tremain' 83:0.0017921857 173:0.00027970635
906 b'unexpected' 83:0.002063277 173:3.9341732e-05
907 b'urban' 83:0.0022570556 173:2.7099748e-06
908 b'victorian' 83:0.001658213 173:0.0005222284
909 b'virtue' 83:0.002199913 173:7.2322196e-06
910 b'webster' 83:0.0022348496 173:4.0712866e-06
911 b'winner' 83:0.0065786745 173:9.950511e-05
912 b'writer' 83:0.0065448238 173:0.00012419092
913 b'zadie' 83:0.0022640587 173:2.365308e-06
